<?xml version="1.0" encoding="UTF-8"?>
<testsuite name="FleetTests.Attendance.Roaster" tests="1" skipped="0" failures="0" errors="0" timestamp="2019-10-09T08:42:36" hostname="Vogos-MacBook-Pro.local" time="1.847">
  <properties/>
  <testcase name="RoasterDetails" classname="FleetTests.Attendance.Roaster" time="1.847"/>
  <system-out><![CDATA[40516d19401336f8efd574405fe8953629d6f3fd
Control in Roaster Details 
https://stage-fleet-api.vogo.tech/api/v1
io.restassured.internal.RestAssuredResponseImpl@60692849
]]></system-out>
  <system-err><![CDATA[]]></system-err>
</testsuite>
