<?xml version="1.0" encoding="UTF-8"?>
<testsuite name="FleetTests.Attendance.Summary" tests="2" skipped="0" failures="0" errors="0" timestamp="2019-10-09T08:42:38" hostname="Vogos-MacBook-Pro.local" time="3.158">
  <properties/>
  <testcase name="AttendanceSummary" classname="FleetTests.Attendance.Summary" time="1.635"/>
  <testcase name="AttendanceSummary_IncorrectToken" classname="FleetTests.Attendance.Summary" time="1.523"/>
  <system-out><![CDATA[40516d19401336f8efd574405fe8953629d6f3fd
Control in Attendance Summary 
https://stage-fleet-api.vogo.tech/api/v1
io.restassured.internal.RestAssuredResponseImpl@47b1b06e
40516d19401336f8efd574405fe8953629d6f3fd
Control in Attendance Summary 
https://stage-fleet-api.vogo.tech/api/v1
io.restassured.internal.RestAssuredResponseImpl@5fc48548
]]></system-out>
  <system-err><![CDATA[]]></system-err>
</testsuite>
