<?xml version="1.0" encoding="UTF-8"?>
<testsuite name="FleetTests.Attendance.AddOvertime" tests="6" skipped="0" failures="0" errors="0" timestamp="2019-10-09T08:42:44" hostname="Vogos-MacBook-Pro.local" time="10.893">
  <properties/>
  <testcase name="verifyAddOvertime[0]({&quot;latitude&quot;:&quot;12.911965232333293&quot;,&quot;longitude&quot;:&quot;77.65163523430478&quot;,&quot;overtime_minutes&quot;:&quot;60&quot;})" classname="FleetTests.Attendance.AddOvertime" time="1.602"/>
  <testcase name="verifyIncorrectAddOvertime[0]({&quot;latitude&quot;:&quot;12.911965232333293&quot;,&quot;longitude&quot;:&quot;77.65163523430478&quot;,&quot;overtime_minutes&quot;:&quot;60&quot;})" classname="FleetTests.Attendance.AddOvertime" time="1.607"/>
  <testcase name="rejectAddOvertime[0]({&quot;latitude&quot;:&quot;12.911965232333293&quot;,&quot;longitude&quot;:&quot;77.65163523430478&quot;,&quot;overtime_id&quot;:&quot;90&quot;,&quot;overtime_minutes&quot;:&quot;120&quot;,&quot;status&quot;:&quot;rejected&quot;})" classname="FleetTests.Attendance.AddOvertime" time="2.138"/>
  <testcase name="RequestAddOvertimeAgain[0]({&quot;latitude&quot;:&quot;12.911965232333293&quot;,&quot;longitude&quot;:&quot;77.65163523430478&quot;,&quot;overtime_minutes&quot;:&quot;60&quot;})" classname="FleetTests.Attendance.AddOvertime" time="1.738"/>
  <testcase name="ChangeHourApproveOvertimeMethod[0]({&quot;latitude&quot;:&quot;12.911965232333293&quot;,&quot;longitude&quot;:&quot;77.65163523430478&quot;,&quot;overtime_id&quot;:&quot;91&quot;,&quot;overtime_minutes&quot;:&quot;120&quot;,&quot;status&quot;:&quot;approved&quot;})" classname="FleetTests.Attendance.AddOvertime" time="2.073"/>
  <testcase name="VerifyApproveOvertime[0]({&quot;latitude&quot;:&quot;12.911965232333293&quot;,&quot;longitude&quot;:&quot;77.65163523430478&quot;,&quot;overtime_id&quot;:&quot;91&quot;,&quot;overtime_minutes&quot;:&quot;60&quot;,&quot;status&quot;:&quot;approved&quot;})" classname="FleetTests.Attendance.AddOvertime" time="1.693"/>
  <system-out><![CDATA[Control in AddOvertime
https://stage-fleet-api.vogo.tech/api/v1
HTTP/1.1 200 OK
Date: Wed, 09 Oct 2019 08:42:45 GMT
Content-Type: application/json
Content-Length: 161
Connection: keep-alive
Server: gunicorn/19.8.1
Allow: GET, POST, PUT
X-Frame-Options: SAMEORIGIN

{
    "id": 90,
    "duration_requested": 60,
    "duration_approved": null,
    "status": "requested",
    "user_name": " ",
    "station_name": "HSR WRKS",
    "created_at": "2019-10-09T14:12:45+0530"
}
{"id":90,"duration_requested":60,"duration_approved":null,"status":"requested","user_name":" ","station_name":"HSR WRKS","created_at":"2019-10-09T14:12:45+0530"}
90
 Before setting up the property90
overtimeId is set
My Set 90
 Pre Existing "61"
Control in add overtime same overtime request again gives 400 2nd 
https://stage-fleet-api.vogo.tech/api/v1
Control in reject AddOvertime request 3rd 
https://stage-fleet-api.vogo.tech/api/v1
HTTP/1.1 200 OK
Date: Wed, 09 Oct 2019 08:42:49 GMT
Content-Type: application/json
Content-Length: 160
Connection: keep-alive
Server: gunicorn/19.8.1
Allow: GET, POST, PUT
X-Frame-Options: SAMEORIGIN

{
    "id": 90,
    "duration_requested": 60,
    "duration_approved": null,
    "status": "rejected",
    "user_name": " ",
    "station_name": "HSR WRKS",
    "created_at": "2019-10-09T14:12:45+0530"
}
{"id":90,"duration_requested":60,"duration_approved":null,"status":"rejected","user_name":" ","station_name":"HSR WRKS","created_at":"2019-10-09T14:12:45+0530"}
Control in AddOvertime again post reject 4rth 
https://stage-fleet-api.vogo.tech/api/v1
91
 New Overtime Id post reject91
91
{"id":91,"duration_requested":60,"duration_approved":null,"status":"requested","user_name":" ","station_name":"HSR WRKS","created_at":"2019-10-09T14:12:51+0530"}
Control in change hour and approve AddOvertime  5th 
https://stage-fleet-api.vogo.tech/api/v1
HTTP/1.1 200 OK
Date: Wed, 09 Oct 2019 08:42:53 GMT
Content-Type: application/json
Content-Length: 159
Connection: keep-alive
Server: gunicorn/19.8.1
Allow: GET, POST, PUT
X-Frame-Options: SAMEORIGIN

{
    "id": 91,
    "duration_requested": 60,
    "duration_approved": 120,
    "status": "approved",
    "user_name": " ",
    "station_name": "HSR WRKS",
    "created_at": "2019-10-09T14:12:51+0530"
}
{"id":91,"duration_requested":60,"duration_approved":120,"status":"approved","user_name":" ","station_name":"HSR WRKS","created_at":"2019-10-09T14:12:51+0530"}
Control in add overtime simple approve and no hour change gives 400 6th 
https://stage-fleet-api.vogo.tech/api/v1
{"detail":"Unsupported media type \"text/plain; charset=ISO-8859-1\" in request."}
]]></system-out>
  <system-err><![CDATA[]]></system-err>
</testsuite>
