<?xml version="1.0" encoding="UTF-8"?>
<testsuite name="FleetTests.Accounts.VerifyLogin" tests="1" skipped="0" failures="0" errors="0" timestamp="2019-10-09T08:41:11" hostname="Vogos-MacBook-Pro.local" time="4.178">
  <properties/>
  <testcase name="verify_login[0]({&quot;mobile&quot;:&quot;6361859543&quot;})" classname="FleetTests.Accounts.VerifyLogin" time="4.178"/>
  <system-out><![CDATA[Control in Login
https://stage-fleet-api.vogo.tech/api/v1
{"mobile":"6361859543"}
]]></system-out>
  <system-err><![CDATA[]]></system-err>
</testsuite>
