<?xml version="1.0" encoding="UTF-8"?>
<testsuite name="FleetTests.Attendance.PunchIn" tests="2" skipped="0" failures="0" errors="0" timestamp="2019-10-09T08:42:31" hostname="Vogos-MacBook-Pro.local" time="3.145">
  <properties/>
  <testcase name="verifypunchIn[0]({&quot;latitude&quot;:&quot;12.911965232333293&quot;,&quot;longitude&quot;:&quot;77.65163523430478&quot;})" classname="FleetTests.Attendance.PunchIn" time="1.635"/>
  <testcase name="verifywrongpunchIn[0]({&quot;latitude&quot;:&quot;12.911965232333293&quot;,&quot;longitude&quot;:&quot;77.65163523430478&quot;})" classname="FleetTests.Attendance.PunchIn" time="1.509"/>
  <system-out><![CDATA[Control in PunchIn
https://stage-fleet-api.vogo.tech/api/v1
HTTP/1.1 200 OK
Date: Wed, 09 Oct 2019 08:42:33 GMT
Content-Type: application/json
Content-Length: 137
Connection: keep-alive
Server: gunicorn/19.8.1
Allow: POST
X-Frame-Options: SAMEORIGIN

{
    "status": 2,
    "message": "You have successfully punched in.",
    "penalty": "LOP of amount 300 will get deducted for Late punchin post 120 mins"
}
{"status":2,"message":"You have successfully punched in.","penalty":"LOP of amount 300 will get deducted for Late punchin post 120 mins"}
Control in Wrong PunchIn
https://stage-fleet-api.vogo.tech/api/v1
{"detail":"Authentication credentials were not provided."}
]]></system-out>
  <system-err><![CDATA[]]></system-err>
</testsuite>
