<?xml version="1.0" encoding="UTF-8"?>
<testsuite name="FleetTests.Accounts.verifyProfile" tests="2" skipped="0" failures="0" errors="0" timestamp="2019-10-09T08:41:18" hostname="Vogos-MacBook-Pro.local" time="3.814">
  <properties/>
  <testcase name="verifyProfile" classname="FleetTests.Accounts.verifyProfile" time="2.269"/>
  <testcase name="verifyProfile_IncorrectToken" classname="FleetTests.Accounts.verifyProfile" time="1.545"/>
  <system-out><![CDATA[40516d19401336f8efd574405fe8953629d6f3fd
Control in Verify Profile
https://stage-fleet-api.vogo.tech/api/v1
40516d19401336f8efd574405fe8953629d6f3fd
Control in Verify Profile
https://stage-fleet-api.vogo.tech/api/v1
]]></system-out>
  <system-err><![CDATA[]]></system-err>
</testsuite>
