<?xml version="1.0" encoding="UTF-8"?>
<testsuite name="FleetTests.Accounts.verifyProfile" tests="1" skipped="0" failures="0" errors="0" timestamp="2019-08-08T06:36:19" hostname="Vogos-MacBook-Pro.local" time="1.473">
  <properties/>
  <testcase name="verifyProfile" classname="FleetTests.Accounts.verifyProfile" time="1.473"/>
  <system-out><![CDATA[https://aveesha-fleet-api.vogo.tech/api/v1
null
HTTP/1.1 401 Unauthorized
Date: Thu, 08 Aug 2019 06:36:21 GMT
Content-Type: application/json
Content-Length: 27
Connection: keep-alive
Server: nginx
Allow: GET
X-Frame-Options: SAMEORIGIN
WWW-Authenticate: Token

{
    "detail": "Invalid token."
}
]]></system-out>
  <system-err><![CDATA[]]></system-err>
</testsuite>
