<?xml version="1.0" encoding="UTF-8"?>
<testsuite name="FleetTests.AssetTrack.StartAssetTracking" tests="1" skipped="0" failures="0" errors="0" timestamp="2019-10-09T08:41:57" hostname="Vogos-MacBook-Pro.local" time="1.581">
  <properties/>
  <testcase name="StartAssetTrack[0]({&quot;latitude&quot;:&quot;12.911965232333293&quot;,&quot;longitude&quot;:&quot;77.65163523430478&quot;,&quot;qr_identifier&quot;:&quot;Z33JM5Z&quot;})" classname="FleetTests.AssetTrack.StartAssetTracking" time="1.581"/>
  <system-out><![CDATA[Control in Start Asset Track
968338
https://stage-fleet-api.vogo.tech/api/v1
{"latitude":"12.911965232333293","longitude":"77.65163523430478","qr_identifier":"Z33JM5Z"}
200  200
]]></system-out>
  <system-err><![CDATA[]]></system-err>
</testsuite>
