<?xml version="1.0" encoding="UTF-8"?>
<testsuite name="FleetTests.AssetTrack.StartAssetTracking" tests="1" skipped="0" failures="0" errors="0" timestamp="2019-08-08T06:36:21" hostname="Vogos-MacBook-Pro.local" time="2.216">
  <properties/>
  <testcase name="AssetTracking" classname="FleetTests.AssetTrack.StartAssetTracking" time="2.216"/>
  <system-out><![CDATA[https://aveesha-fleet-api.vogo.tech/api/v1
HTTP/1.1 404 Not Found
Date: Thu, 08 Aug 2019 06:36:22 GMT
Content-Type: text/html
Transfer-Encoding: chunked
Connection: keep-alive
Server: nginx
X-Frame-Options: SAMEORIGIN
Vary: Cookie
Content-Encoding: gzip

<html lang="en">
  <head>
    <meta http-equiv="content-type" content="text/html; charset=utf-8"/>
    <title>Page not found at /api/v1/api/v1/asset/start/</title>
    <meta name="robots" content="NONE,NOARCHIVE"/>
    <style type="text/css">
    html * { padding:0; margin:0; }
    body * { padding:10px 20px; }
    body * * { padding:0; }
    body { font:small sans-serif; background:#eee; color:#000; }
    body&gt;div { border-bottom:1px solid #ddd; }
    h1 { font-weight:normal; margin-bottom:.4em; }
    h1 span { font-size:60%; color:#666; font-weight:normal; }
    table { border:none; border-collapse: collapse; width:100%; }
    td, th { vertical-align:top; padding:2px 3px; }
    th { width:12em; text-align:right; color:#666; padding-right:.5em; }
    #info { background:#f6f6f6; }
    #info ol { margin: 0.5em 4em; }
    #info ol li { font-family: monospace; }
    #summary { background: #ffc; }
    #explanation { background:#eee; border-bottom: 0px none; }
  </style>
  </head>
  <body>
    <div id="summary">
      <h1>
Page not found         <span>(404)</span>
      </h1>
      <table class="meta">
        <tr>
          <th colspan="1" rowspan="1">Request Method:</th>
          <td colspan="1" rowspan="1">POST</td>
        </tr>
        <tr>
          <th colspan="1" rowspan="1">Request URL:</th>
          <td colspan="1" rowspan="1">https://aveesha-fleet-api.vogo.tech/api/v1/api/v1/asset/start/</td>
        </tr>
      </table>
    </div>
    <div id="info">
      <p>

      Using the URLconf defined in         <code>api.urls</code>
,
      Django tried these URL patterns, in this order:
            </p>
      <ol>
        <li>
            
                api/v1/
                
            
                ^health-check/$
                [name='misc-health-check']
            
          </li>
        <li>
            
                api/v1/
                
            
                ^image-upload/$
                [name='misc-image-uploads-meta']
            
          </li>
        <li>
            
                api/v1/
                
            
                ^init/$
                [name='misc-init']
            
          </li>
        <li>
            
                api/v1/
                
            
                ^hw-init/$
                [name='misc-init-hw-app']
            
          </li>
        <li>
            
                api/v1/
                
            
                ^accounts/login/$
                [name='accounts-login']
            
          </li>
        <li>
            
                api/v1/
                
            
                ^accounts/profile/$
                [name='accounts-profile']
            
          </li>
        <li>
            
                api/v1/
                
            
                ^accounts/verify/$
                [name='accounts-verify']
            
          </li>
        <li>
            
                api/v1/
                
            
                ^cities/$
                [name='cities-list']
            
          </li>
        <li>
            
                api/v1/
                
            
                ^cities/(?P&lt;pk&gt;[^/.]+)/$
                [name='cities-detail']
            
          </li>
        <li>
            
                api/v1/
                
            
                ^clusters/$
                [name='clusters-list']
            
          </li>
        <li>
            
                api/v1/
                
            
                ^clusters/(?P&lt;pk&gt;[^/.]+)/$
                [name='clusters-detail']
            
          </li>
        <li>
            
                api/v1/
                
            
                ^subclusters/$
                [name='subclusters-list']
            
          </li>
        <li>
            
                api/v1/
                
            
                ^subclusters/(?P&lt;pk&gt;[^/.]+)/$
                [name='subclusters-detail']
            
          </li>
        <li>
            
                api/v1/
                
            
                ^offers/$
                [name='offers-list']
            
          </li>
        <li>
            
                api/v1/
                
            
                ^offers/auto-apply-coupon/$
                [name='offers-auto-apply-coupon']
            
          </li>
        <li>
            
                api/v1/
                
            
                ^offers/validate-coupon/$
                [name='offers-validate-coupon']
            
          </li>
        <li>
            
                api/v1/
                
            
                ^stations/$
                [name='stations-list']
            
          </li>
        <li>
            
                api/v1/
                
            
                ^stations/available-inventory/$
                [name='stations-available-inventory']
            
          </li>
        <li>
            
                api/v1/
                
            
                ^stations/coordinates/$
                [name='stations-coordinates']
            
          </li>
        <li>
            
                api/v1/
                
            
                ^stations/end-reservation/$
                [name='stations-end-reservation']
            
          </li>
        <li>
            
                api/v1/
                
            
                ^stations/end-ride/$
                [name='stations-end-ride']
            
          </li>
        <li>
            
                api/v1/
                
            
                ^stations/fare-estimate/$
                [name='stations-fare-estimate']
            
          </li>
        <li>
            
                api/v1/
                
            
                ^stations/reassign-otp/$
                [name='stations-reassign-otp']
            
          </li>
        <li>
            
                api/v1/
                
            
                ^stations/reassign-otp-with-hoop/$
                [name='stations-reassign-otp-with-hoop']
            
          </li>
        <li>
            
                api/v1/
                
            
                ^stations/reassign-vehicle/$
                [name='stations-reassign-vehicle']
            
          </li>
        <li>
            
                api/v1/
                
            
                ^stations/release-unit/$
                [name='stations-release-unit']
            
          </li>
        <li>
            
                api/v1/
                
            
                ^stations/reserve-unit/$
                [name='stations-reserve-unit']
            
          </li>
        <li>
            
                api/v1/
                
            
                ^stations/update-cluster-counter/$
                [name='stations-update-cluster-counter']
            
          </li>
        <li>
            
                api/v1/
                
            
                ^stations/user-sub-clusters/$
                [name='stations-user-sub-clusters']
            
          </li>
        <li>
            
                api/v1/
                
            
                ^stations/user-sub-clusters-all/$
                [name='stations-user-sub-clusters-all']
            
          </li>
        <li>
            
                api/v1/
                
            
                ^stations/(?P&lt;pk&gt;[^/.]+)/$
                [name='stations-detail']
            
          </li>
        <li>
            
                api/v1/
                
            
                ^stations/(?P&lt;pk&gt;[^/.]+)/block-unit/$
                [name='stations-block-unit']
            
          </li>
        <li>
            
                api/v1/
                
            
                ^stations/(?P&lt;pk&gt;[^/.]+)/confirm-unit/$
                [name='stations-confirm-unit']
            
          </li>
        <li>
            
                api/v1/
                
            
                ^stations/(?P&lt;pk&gt;[^/.]+)/create-ride/$
                [name='stations-create-ride']
            
          </li>
        <li>
            
                api/v1/
                
            
                ^stations/(?P&lt;pk&gt;[^/.]+)/vehicles/$
                [name='stations-vehicles']
            
          </li>
        <li>
            
                api/v1/
                
            
                ^returns/$
                [name='returns-list']
            
          </li>
        <li>
            
                api/v1/
                
            
                ^returns/(?P&lt;pk&gt;[^/.]+)/$
                [name='returns-detail']
            
          </li>
        <li>
            
                api/v1/
                
            
                ^returns/(?P&lt;pk&gt;[^/.]+)/complete/$
                [name='returns-complete']
            
          </li>
        <li>
            
                api/v1/
                
            
                ^returns/(?P&lt;pk&gt;[^/.]+)/generate-otp/$
                [name='returns-generate-otp']
            
          </li>
        <li>
            
                api/v1/
                
            
                ^refuels/$
                [name='refueling-list']
            
          </li>
        <li>
            
                api/v1/
                
            
                ^refuels/feed-predicted-refueling-list/$
                [name='refueling-feed-predicted-refueling-list']
            
          </li>
        <li>
            
                api/v1/
                
            
                ^refuels/(?P&lt;pk&gt;[^/.]+)/$
                [name='refueling-detail']
            
          </li>
        <li>
            
                api/v1/
                
            
                ^refuels/(?P&lt;pk&gt;[^/.]+)/complete/$
                [name='refueling-complete']
            
          </li>
        <li>
            
                api/v1/
                
            
                ^refuels/(?P&lt;pk&gt;[^/.]+)/start/$
                [name='refueling-start']
            
          </li>
        <li>
            
                api/v1/
                
            
                ^asset/start/$
                [name='asset_tracking-start']
            
          </li>
        <li>
            
                api/v1/
                
            
                ^asset/vehicle_not_asset_tracked/$
                [name='asset_tracking-vehicle-not-asset-tracked']
            
          </li>
        <li>
            
                api/v1/
                
            
                ^asset/(?P&lt;pk&gt;[^/.]+)/complete/$
                [name='asset_tracking-complete']
            
          </li>
        <li>
            
                api/v1/
                
            
                ^rebalancing/$
                [name='rebalancing-list']
            
          </li>
        <li>
            
                api/v1/
                
            
                ^rebalancing/ongoing/$
                [name='rebalancing-ongoing']
            
          </li>
        <li>
            
                api/v1/
                
            
                ^rebalancing/(?P&lt;pk&gt;[^/.]+)/complete/$
                [name='rebalancing-complete']
            
          </li>
        <li>
            
                api/v1/
                
            
                ^rebalancing/(?P&lt;pk&gt;[^/.]+)/generate-otp/$
                [name='rebalancing-generate-otp']
            
          </li>
        <li>
            
                api/v1/
                
            
                ^rebalancing/(?P&lt;pk&gt;[^/.]+)/start/$
                [name='rebalancing-start']
            
          </li>
        <li>
            
                api/v1/
                
            
                ^audit/create_audit/$
                [name='auditing-create-audit']
            
          </li>
        <li>
            
                api/v1/
                
            
                ^audit/vehicles/$
                [name='auditing-vehicles']
            
          </li>
        <li>
            
                api/v1/
                
            
                ^audit/(?P&lt;pk&gt;[^/.]+)/complete/$
                [name='auditing-complete']
            
          </li>
        <li>
            
                api/v1/
                
            
                ^audit/(?P&lt;pk&gt;[^/.]+)/generate-otp/$
                [name='auditing-generate-otp']
            
          </li>
        <li>
            
                api/v1/
                
            
                ^retrieval/complete/$
                [name='retrieval-complete']
            
          </li>
        <li>
            
                api/v1/
                
            
                ^retrieval/ongoing/$
                [name='retrieval-ongoing']
            
          </li>
        <li>
            
                api/v1/
                
            
                ^retrieval/reasons/$
                [name='retrieval-reasons']
            
          </li>
        <li>
            
                api/v1/
                
            
                ^retrieval/start/$
                [name='retrieval-start']
            
          </li>
        <li>
            
                api/v1/
                
            
                ^retrieval/vehicles/$
                [name='retrieval-vehicles']
            
          </li>
        <li>
            
                api/v1/
                
            
                ^vehicles/add-qr-info/$
                [name='vehicles-add-qr-info']
            
          </li>
        <li>
            
                api/v1/
                
            
                ^vehicles/booking-details/$
                [name='vehicles-booking-details']
            
          </li>
        <li>
            
                api/v1/
                
            
                ^vehicles/bulk/$
                [name='vehicles-bulk']
            
          </li>
        <li>
            
                api/v1/
                
            
                ^vehicles/cancel-reservation/$
                [name='vehicles-cancel-reservation']
            
          </li>
        <li>
            
                api/v1/
                
            
                ^vehicles/create-feedback/$
                [name='vehicles-create-feedback']
            
          </li>
        <li>
            
                api/v1/
                
            
                ^vehicles/create-vehicle-geolocation/$
                [name='vehicles-create-vehicle-geolocation']
            
          </li>
        <li>
            
                api/v1/
                
            
                ^vehicles/generate_vehicle_otp/$
                [name='vehicles-generate-vehicle-otp']
            
          </li>
        <li>
            
                api/v1/
                
            
                ^vehicles/current-status/$
                [name='vehicles-get-current-status']
            
          </li>
        <li>
            
                api/v1/
                
            
                ^vehicles/get-location/$
                [name='vehicles-get-location']
            
          </li>
        <li>
            
                api/v1/
                
            
                ^vehicles/get-qr-info/$
                [name='vehicles-get-qr-info']
            
          </li>
        <li>
            
                api/v1/
                
            
                ^vehicles/immobilizer/$
                [name='vehicles-immobilizer']
            
          </li>
        <li>
            
                api/v1/
                
            
                ^vehicles/iot-data/$
                [name='vehicles-iot-data']
            
          </li>
        <li>
            
                api/v1/
                
            
                ^vehicles/upload-ola-data-to-s3/$
                [name='vehicles-ola-data-to-s3']
            
          </li>
        <li>
            
                api/v1/
                
            
                ^vehicles/state/$
                [name='vehicles-state']
            
          </li>
        <li>
            
                api/v1/
                
            
                ^vehicles/update-km-reading/$
                [name='vehicles-update-km-reading']
            
          </li>
        <li>
            
                api/v1/
                
            
                ^vehicles/(?P&lt;pk&gt;[^/.]+)/qr-verification/$
                [name='vehicles-qr-verification']
            
          </li>
        <li>
            
                api/v1/
                
            
                ^vehicle-attendance/$
                [name='vehicle_attendance-list']
            
          </li>
        <li>
            
                api/v1/
                
            
                ^vehicle-status-log/$
                [name='vehicle_status-log-list']
            
          </li>
        <li>
            
                api/v1/
                
            
                ^vehicle-status-log/(?P&lt;pk&gt;[^/.]+)/$
                [name='vehicle_status-log-detail']
            
          </li>
        <li>
            
                api/v1/
                
            
                ^vehicle-damage-types/$
                [name='vehicle-damage-types-list']
            
          </li>
        <li>
            
                api/v1/
                
            
                ^vehicle-damage-types/(?P&lt;pk&gt;[^/.]+)/$
                [name='vehicle-damage-types-detail']
            
          </li>
        <li>
            
                api/v1/
                
            
                ^vehicle-status-change-reasons/$
                [name='vehicle-status-change-reasons-list']
            
          </li>
        <li>
            
                api/v1/
                
            
                ^vehicle-status-change-reasons/(?P&lt;pk&gt;[^/.]+)/$
                [name='vehicle-status-change-reasons-detail']
            
          </li>
        <li>
            
                api/v1/
                
            
                ^box-relaunch/$
                [name='box-relaunch-list']
            
          </li>
        <li>
            
                api/v1/
                
            
                ^box-relaunch/block-vehicle/$
                [name='box-relaunch-block-vehicle']
            
          </li>
        <li>
            
                api/v1/
                
            
                ^box-relaunch/release-vehicle/$
                [name='box-relaunch-release-vehicle']
            
          </li>
        <li>
            
                api/v1/
                
            
                ^launchpad/box-info/$
                [name='launchpad-box-info']
            
          </li>
        <li>
            
                api/v1/
                
            
                ^launchpad/box-vehicle-mapping/$
                [name='launchpad-box-vehicle-mapping']
            
          </li>
        <li>
            
                api/v1/
                
            
                ^launchpad/create-fuse/$
                [name='launchpad-create-fuse']
            
          </li>
        <li>
            
                api/v1/
                
            
                ^launchpad/create-box/$
                [name='launchpad-createbox']
            
          </li>
        <li>
            
                api/v1/
                
            
                ^launchpad/fuse-pairing/$
                [name='launchpad-fuse-pairing']
            
          </li>
        <li>
            
                api/v1/
                
            
                ^launchpad/fuse-unpairing/$
                [name='launchpad-fuse-unpairing']
            
          </li>
        <li>
            
                api/v1/
                
            
                ^launchpad/fuses/$
                [name='launchpad-fuses']
            
          </li>
        <li>
            
                api/v1/
                
            
                ^launchpad/generate-new-fuse-otp/$
                [name='launchpad-generate-new-fuse-otp']
            
          </li>
        <li>
            
                api/v1/
                
            
                ^launchpad/generate-new-otp/$
                [name='launchpad-generatenewotp']
            
          </li>
        <li>
            
                api/v1/
                
            
                ^launchpad/get-device-info/$
                [name='launchpad-get-device-info']
            
          </li>
        <li>
            
                api/v1/
                
            
                ^launchpad/get-info-box/$
                [name='launchpad-get-info-box']
            
          </li>
        <li>
            
                api/v1/
                
            
                ^launchpad/get-location-bike/$
                [name='launchpad-get-location-bike']
            
          </li>
        <li>
            
                api/v1/
                
            
                ^launchpad/get-location-imei/$
                [name='launchpad-get-location-imei']
            
          </li>
        <li>
            
                api/v1/
                
            
                ^launchpad/get-mac-addr/$
                [name='launchpad-get-mac-addr']
            
          </li>
        <li>
            
                api/v1/
                
            
                ^launchpad/get-pairing-vehicles/$
                [name='launchpad-get-pairing-vehicles']
            
          </li>
        <li>
            
                api/v1/
                
            
                ^launchpad/get-vehicles-by-mac/$
                [name='launchpad-get-vehicles-by-mac']
            
          </li>
        <li>
            
                api/v1/
                
            
                ^launchpad/get-box-vehicle/$
                [name='launchpad-getboxvehicle']
            
          </li>
        <li>
            
                api/v1/
                
            
                ^launchpad/get-lab-params/$
                [name='launchpad-getlabparams']
            
          </li>
        <li>
            
                api/v1/
                
            
                ^launchpad/immobilize-vehicle/$
                [name='launchpad-immobilize-vehicle']
            
          </li>
        <li>
            
                api/v1/
                
            
                ^launchpad/incorrect-location-bikes/$
                [name='launchpad-incorrect-location-bikes']
            
          </li>
        <li>
            
                api/v1/
                
            
                ^launchpad/mark-location-status/$
                [name='launchpad-mark-location-active-inactive']
            
          </li>
        <li>
            
                api/v1/
                
            
                ^launchpad/pair-device/$
                [name='launchpad-pair-device']
            
          </li>
        <li>
            
                api/v1/
                
            
                ^launchpad/unpair-device/$
                [name='launchpad-unpair-device']
            
          </li>
        <li>
            
                api/v1/
                
            
                ^launchpad/update-fuse-data/$
                [name='launchpad-update-fuse-data']
            
          </li>
        <li>
            
                api/v1/
                
            
                ^launchpad/(?P&lt;pk&gt;[^/.]+)/pairing/$
                [name='launchpad-pairing']
            
          </li>
        <li>
            
                api/v1/
                
            
                ^servicing/$
                [name='servicing-list']
            
          </li>
        <li>
            
                api/v1/
                
            
                ^servicing/store-servicing-data/$
                [name='servicing-store-servicing-data']
            
          </li>
        <li>
            
                api/v1/
                
            
                ^oof/$
                [name='oof-list']
            
          </li>
        <li>
            
                api/v1/
                
            
                ^oof/scan/$
                [name='oof-scan-vehicle']
            
          </li>
        <li>
            
                api/v1/
                
            
                ^oof/update-event/$
                [name='oof-update-event']
            
          </li>
        <li>
            
                api/v1/
                
            
                ^oof/(?P&lt;reference_id&gt;[^/.]+)/$
                [name='oof-detail']
            
          </li>
        <li>
            
                api/v1/
                
            
                ^oof/(?P&lt;reference_id&gt;[^/.]+)/end-ride/$
                [name='oof-end-ride-request']
            
          </li>
        <li>
            
                api/v1/
                
            
                ^oof/(?P&lt;reference_id&gt;[^/.]+)/regenerate-otp/$
                [name='oof-regenerate-otp']
            
          </li>
        <li>
            
                api/v1/
                
            
                ^oof/(?P&lt;reference_id&gt;[^/.]+)/return/$
                [name='oof-return-token']
            
          </li>
        <li>
            
                api/v1/
                
            
                ^oof/(?P&lt;reference_id&gt;[^/.]+)/modify/$
                [name='oof-update-ride-request']
            
          </li>
        <li>
            
                api/v1/
                
            
                ^oof/(?P&lt;reference_id&gt;[^/.]+)/upload-proof/$
                [name='oof-upload-proof']
            
          </li>
        <li>
            
                api/v1/
                
            
                ^attendance/add-overtime/$
                [name='attendance-add-overtime']
            
          </li>
        <li>
            
                api/v1/
                
            
                ^attendance/change-shift-detail/$
                [name='attendance-change-shift-detail']
            
          </li>
        <li>
            
                api/v1/
                
            
                ^attendance/fetch-shift-detail/$
                [name='attendance-fetch-shift-detail']
            
          </li>
        <li>
            
                api/v1/
                
            
                ^attendance/punch-in/$
                [name='attendance-punch-in']
            
          </li>
        <li>
            
                api/v1/
                
            
                ^attendance/punch-out/$
                [name='attendance-punch-out']
            
          </li>
        <li>
            
                api/v1/
                
            
                ^attendance/radar-data/$
                [name='attendance-radar-data']
            
          </li>
        <li>
            
                api/v1/
                
            
                ^reports/v5/$
                [name='reports-v5-events']
            
          </li>
        <li>
            
                api/v1/
                
            
                ^reports/search-v5/$
                [name='reports-v5-search']
            
          </li>
        <li>
            
                api/v1/
                
            
                ^fw-updater/updates/$
                [name='fw-updater-updates']
            
          </li>
        <li>
            
                api/v1/
                
            
                ^quality-control/deployment/$
                [name='quality-control-create-entry']
            
          </li>
        <li>
            
                api/v1/
                
            
                ^mechanics/$
                [name='mechanic-list']
            
          </li>
        <li>
            
                api/v1/
                
            
                ^mechanics/init/$
                [name='mechanic-init']
            
          </li>
        <li>
            
                api/v1/
                
            
                ^mechanics/release-blocked-ongoing-job/$
                [name='mechanic-release-blocked-ongoing-job']
            
          </li>
        <li>
            
                api/v1/
                
            
                ^mechanics/(?P&lt;pk&gt;[^/.]+)/$
                [name='mechanic-detail']
            
          </li>
        <li>
            
                api/v1/
                
            
                ^mechanics/(?P&lt;pk&gt;[^/.]+)/complete/$
                [name='mechanic-complete']
            
          </li>
        <li>
            
                api/v1/
                
            
                ^mechanics/(?P&lt;pk&gt;[^/.]+)/issue/$
                [name='mechanic-issue']
            
          </li>
        <li>
            
                api/v1/
                
            
                ^mechanics/(?P&lt;pk&gt;[^/.]+)/reassign/$
                [name='mechanic-reassign']
            
          </li>
        <li>
            
                api/v1/
                
            
                ^mechanics/(?P&lt;pk&gt;[^/.]+)/report/$
                [name='mechanic-report']
            
          </li>
        <li>
            
                api/v1/
                
            
                ^mechanics/(?P&lt;pk&gt;[^/.]+)/spare-part/$
                [name='mechanic-spare-part']
            
          </li>
        <li>
            
                api/v1/
                
            
                ^mechanics/(?P&lt;pk&gt;[^/.]+)/start/$
                [name='mechanic-start']
            
          </li>
        <li>
            
                api/v1/
                
            
                ^spare-parts/$
                [name='spare-part-list']
            
          </li>
        <li>
            
                api/v1/
                
            
                ^spare-parts/init/$
                [name='spare-part-init']
            
          </li>
        <li>
            
                api/v1/
                
            
                ^spare-parts/modify/$
                [name='spare-part-modify']
            
          </li>
        <li>
            
                api/v1/
                
            
                ^spare-parts/replace/$
                [name='spare-part-replace']
            
          </li>
        <li>
            
                api/v1/
                
            
                ^spare-parts/request/$
                [name='spare-part-request']
            
          </li>
        <li>
            
                api/v1/
                
            
                ^qa-debug/modify-data/$
                [name='qa-modify-data']
            
          </li>
        <li>
            
                api/v1/
                
            
                ^qa-debug/retrieve-data/$
                [name='qa-retrieve-data']
            
          </li>
        <li>
            
                A92DFFBB6B9EC/vogo-admin/
                
            
          </li>
        <li>
            
                ^docs/A92DFFBB6B9EC/
                
            
          </li>
      </ol>
      <p>

        
        The current path,         <code>api/v1/api/v1/asset/start/</code>
, didn't match any of these.
            </p>
    </div>
    <div id="explanation">
      <p>

      You're seeing this error because you have         <code>DEBUG = True</code>
 in
      your Django settings file. Change that to         <code>False</code>
, and Django
      will display a standard 404 page.
          </p>
    </div>
  </body>
</html>
]]></system-out>
  <system-err><![CDATA[]]></system-err>
</testsuite>
