<?xml version="1.0" encoding="UTF-8"?>
<testsuite name="FleetTests.Accounts.VerifyOTP" tests="2" skipped="0" failures="0" errors="0" timestamp="2019-10-09T08:41:15" hostname="Vogos-MacBook-Pro.local" time="3.171">
  <properties/>
  <testcase name="verify_otp_fail[0]({&quot;otp&quot;:&quot;134680&quot;,&quot;mobile&quot;:&quot;9999999999&quot;})" classname="FleetTests.Accounts.VerifyOTP" time="1.58"/>
  <testcase name="verify_otp_pass[0]({&quot;otp&quot;:&quot;134680&quot;,&quot;mobile&quot;:&quot;6361859543&quot;})" classname="FleetTests.Accounts.VerifyOTP" time="1.59"/>
  <system-out><![CDATA[Control in VerifyOtp
https://stage-fleet-api.vogo.tech/api/v1
Control in VerifyOtp
https://stage-fleet-api.vogo.tech/api/v1
40516d19401336f8efd574405fe8953629d6f3fd
40516d19401336f8efd574405fe8953629d6f3fd
]]></system-out>
  <system-err><![CDATA[]]></system-err>
</testsuite>
