<?xml version="1.0" encoding="UTF-8"?>
<testsuite name="FleetTests.AssetTrack.AssetTrackForUnderServicing" tests="1" skipped="0" failures="0" errors="0" timestamp="2019-10-09T08:41:45" hostname="Vogos-MacBook-Pro.local" time="1.826">
  <properties/>
  <testcase name="ATtrackingidmethod[0]({&quot;latitude&quot;:&quot;12.911965232333293&quot;,&quot;longitude&quot;:&quot;77.65163523430478&quot;,&quot;qr_identifier&quot;:&quot;3VDBJQN&quot;})" classname="FleetTests.AssetTrack.AssetTrackForUnderServicing" time="1.826"/>
  <system-out><![CDATA[Control in Asset Track For Under Servicing
https://stage-fleet-api.vogo.tech/api/v1
400  400
{"error_code":"FLT_AT_4003","detail":"Vehicle Under Booking does not allow Asset Tracking. Vehicle is in Under Booking status since 105days 23hrs 1mins."}
]]></system-out>
  <system-err><![CDATA[]]></system-err>
</testsuite>
