<?xml version="1.0" encoding="UTF-8"?>
<!-- Generated by org.testng.reporters.JUnitReportReporter -->
<testsuite hostname="Vogos-MacBook-Pro.local" name="FleetTests.AssetTrack.StartAssetTracking" tests="1" failures="0" timestamp="8 Aug 2019 06:36:28 GMT" time="2.216" errors="0">
  <testcase name="AssetTracking" time="2.216" classname="FleetTests.AssetTrack.StartAssetTracking"/>
</testsuite>
