<?xml version="1.0" encoding="UTF-8"?>
<!-- Generated by org.testng.reporters.JUnitReportReporter -->
<testsuite hostname="Vogos-MacBook-Pro.local" name="FleetTests.AssetTrack.StartAssetTracking" tests="1" failures="0" timestamp="9 Oct 2019 08:44:10 GMT" time="1.581" errors="0">
  <testcase name="StartAssetTrack" time="1.581" classname="FleetTests.AssetTrack.StartAssetTracking"/>
</testsuite>
