<?xml version="1.0" encoding="UTF-8"?>
<!-- Generated by org.testng.reporters.JUnitReportReporter -->
<testsuite hostname="Vogos-MacBook-Pro.local" name="FleetTests.Stations.Stations" tests="2" failures="0" timestamp="9 Oct 2019 08:43:55 GMT" time="3.034" errors="0">
  <testcase name="StationsDetails" time="1.546" classname="FleetTests.Stations.Stations"/>
  <testcase name="StationsDetails_IncorrectId" time="1.488" classname="FleetTests.Stations.Stations"/>
</testsuite>
