<?xml version="1.0" encoding="UTF-8"?>
<!-- Generated by org.testng.reporters.JUnitReportReporter -->
<testsuite hostname="Vogos-MacBook-Pro.local" name="FleetTests.AssetTrack.AssetTrackForUnderBooking" tests="1" failures="0" timestamp="30 Sep 2019 07:59:48 GMT" time="1.624" errors="0">
  <testcase name="ATtrackingidmethod" time="1.624" classname="FleetTests.AssetTrack.AssetTrackForUnderBooking"/>
</testsuite>
