<?xml version="1.0" encoding="UTF-8"?>
<!-- Generated by org.testng.reporters.JUnitReportReporter -->
<testsuite hostname="Vogos-MacBook-Pro.local" name="FleetTests.Attendance.AddOvertime" tests="6" failures="0" timestamp="9 Oct 2019 08:43:05 GMT" time="10.851" errors="0">
  <testcase name="VerifyApproveOvertime" time="1.693" classname="FleetTests.Attendance.AddOvertime"/>
  <testcase name="rejectAddOvertime" time="2.138" classname="FleetTests.Attendance.AddOvertime"/>
  <testcase name="verifyIncorrectAddOvertime" time="1.607" classname="FleetTests.Attendance.AddOvertime"/>
  <testcase name="RequestAddOvertimeAgain" time="1.738" classname="FleetTests.Attendance.AddOvertime"/>
  <testcase name="verifyAddOvertime" time="1.602" classname="FleetTests.Attendance.AddOvertime"/>
  <testcase name="ChangeHourApproveOvertimeMethod" time="2.073" classname="FleetTests.Attendance.AddOvertime"/>
</testsuite>
