<?xml version="1.0" encoding="UTF-8"?>
<!-- Generated by org.testng.reporters.JUnitReportReporter -->
<testsuite hostname="Vogos-MacBook-Pro.local" name="FleetTests.Accounts.VerifyOTP" tests="2" failures="0" timestamp="9 Oct 2019 08:43:20 GMT" time="3.170" errors="0">
  <testcase name="verify_otp_pass" time="1.590" classname="FleetTests.Accounts.VerifyOTP"/>
  <testcase name="verify_otp_fail" time="1.580" classname="FleetTests.Accounts.VerifyOTP"/>
</testsuite>
