<?xml version="1.0" encoding="UTF-8"?>
<!-- Generated by org.testng.reporters.JUnitReportReporter -->
<testsuite hostname="Vogos-MacBook-Pro.local" name="FleetTests.Accounts.VerifyLogin" tests="1" failures="0" timestamp="30 Sep 2019 07:59:43 GMT" time="6.072" errors="0">
  <testcase name="verify_login" time="6.072" classname="FleetTests.Accounts.VerifyLogin"/>
</testsuite>
