<?xml version="1.0" encoding="UTF-8"?>
<!-- Generated by org.testng.reporters.JUnitReportReporter -->
<testsuite hostname="Vogos-MacBook-Pro.local" name="FleetTests.AssetTrack.AssetTrackForUnderServicing" tests="1" failures="0" timestamp="9 Oct 2019 08:43:15 GMT" time="1.826" errors="0">
  <testcase name="ATtrackingidmethod" time="1.826" classname="FleetTests.AssetTrack.AssetTrackForUnderServicing"/>
</testsuite>
