<?xml version="1.0" encoding="UTF-8"?>
<!-- Generated by org.testng.reporters.JUnitReportReporter -->
<testsuite hostname="Vogos-MacBook-Pro.local" name="FleetTests.AssetTrack.ZCompleteAssetTrack" tests="5" failures="0" timestamp="9 Oct 2019 08:43:40 GMT" time="12.890" errors="0">
  <testcase name="InCompleteAssetTrackWrongKMreading" time="3.350" classname="FleetTests.AssetTrack.ZCompleteAssetTrack"/>
  <testcase name="CompleteAssetTracknormal" time="2.040" classname="FleetTests.AssetTrack.ZCompleteAssetTrack"/>
  <testcase name="CompleteAssetTracknormal" time="1.769" classname="FleetTests.AssetTrack.ZCompleteAssetTrack"/>
  <testcase name="InCompleteAssetTrackWrongKMreading" time="3.302" classname="FleetTests.AssetTrack.ZCompleteAssetTrack"/>
  <testcase name="CompleteAssetTracknormal" time="2.429" classname="FleetTests.AssetTrack.ZCompleteAssetTrack"/>
</testsuite>
