<?xml version="1.0" encoding="UTF-8"?>
<!-- Generated by org.testng.reporters.JUnitReportReporter -->
<testsuite hostname="Vogos-MacBook-Pro.local" name="FleetTests.Attendance.PunchIn" tests="2" failures="0" timestamp="9 Oct 2019 08:43:50 GMT" time="3.144" errors="0">
  <testcase name="verifywrongpunchIn" time="1.509" classname="FleetTests.Attendance.PunchIn"/>
  <testcase name="verifypunchIn" time="1.635" classname="FleetTests.Attendance.PunchIn"/>
</testsuite>
