<?xml version="1.0" encoding="UTF-8"?>
<!-- Generated by org.testng.reporters.JUnitReportReporter -->
<testsuite hostname="Vogos-MacBook-Pro.local" name="FleetTests.Attendance.Penality" tests="2" failures="0" timestamp="9 Oct 2019 08:43:25 GMT" time="3.249" errors="0">
  <testcase name="PenalityDetails_IncorrectToken" time="1.631" classname="FleetTests.Attendance.Penality"/>
  <testcase name="PenalityDetails" time="1.618" classname="FleetTests.Attendance.Penality"/>
</testsuite>
