<?xml version="1.0" encoding="UTF-8"?>
<!-- Generated by org.testng.reporters.JUnitReportReporter -->
<testsuite hostname="Vogos-MacBook-Pro.local" name="FleetTests.Attendance.PunchIn" tests="2" failures="0" timestamp="30 Sep 2019 07:59:33 GMT" time="3.152" errors="0">
  <testcase name="verifypunchIn" time="1.585" classname="FleetTests.Attendance.PunchIn"/>
  <testcase name="verifywrongpunchIn" time="1.567" classname="FleetTests.Attendance.PunchIn"/>
</testsuite>
