<?xml version="1.0" encoding="UTF-8"?>
<!-- Generated by org.testng.reporters.JUnitReportReporter -->
<testsuite hostname="Vogos-MacBook-Pro.local" name="FleetTests.Accounts.VerifyOTP" tests="2" failures="0" timestamp="30 Sep 2019 08:00:08 GMT" time="4.343" errors="0">
  <testcase name="verify_otp_fail" time="2.378" classname="FleetTests.Accounts.VerifyOTP"/>
  <testcase name="verify_otp_pass" time="1.965" classname="FleetTests.Accounts.VerifyOTP"/>
</testsuite>
