<?xml version="1.0" encoding="UTF-8"?>
<!-- Generated by org.testng.reporters.JUnitReportReporter -->
<testsuite hostname="Vogos-MacBook-Pro.local" name="FleetTests.Attendance.PunchOut" tests="1" failures="0" timestamp="9 Oct 2019 08:44:05 GMT" time="1.554" errors="0">
  <testcase name="verifywrongpunchIn" time="1.554" classname="FleetTests.Attendance.PunchOut"/>
</testsuite>
