<?xml version="1.0" encoding="UTF-8"?>
<!-- Generated by org.testng.reporters.JUnitReportReporter -->
<testsuite hostname="Vogos-MacBook-Pro.local" name="FleetTests.Accounts.verifyProfile" tests="1" failures="0" timestamp="30 Sep 2019 08:00:03 GMT" time="2.628" errors="0">
  <testcase name="verifyProfile" time="2.628" classname="FleetTests.Accounts.verifyProfile"/>
</testsuite>
