<?xml version="1.0" encoding="UTF-8"?>
<!-- Generated by org.testng.reporters.JUnitReportReporter -->
<testsuite hostname="Vogos-MacBook-Pro.local" name="FleetTests.AssetTrack.AssetTrackForUnderBooking" tests="1" failures="0" timestamp="9 Oct 2019 08:43:10 GMT" time="1.609" errors="0">
  <testcase name="ATtrackingidmethod" time="1.609" classname="FleetTests.AssetTrack.AssetTrackForUnderBooking"/>
</testsuite>
