<?xml version="1.0" encoding="UTF-8"?>
<!-- Generated by org.testng.reporters.JUnitReportReporter -->
<testsuite hostname="Vogos-MacBook-Pro.local" name="FleetTests.Attendance.AddOvertime" tests="1" failures="0" timestamp="30 Sep 2019 08:00:18 GMT" time="1.513" errors="0">
  <testcase name="verifAddOvertime" time="1.513" classname="FleetTests.Attendance.AddOvertime"/>
</testsuite>
