<?xml version="1.0" encoding="UTF-8"?>
<!-- Generated by org.testng.reporters.JUnitReportReporter -->
<testsuite hostname="Vogos-MacBook-Pro.local" name="FleetTests.Accounts.VerifyOTP" tests="1" failures="0" timestamp="8 Aug 2019 06:36:38 GMT" time="1.794" errors="0">
  <testcase name="verify_otp" time="1.794" classname="FleetTests.Accounts.VerifyOTP"/>
</testsuite>
