<?xml version="1.0" encoding="UTF-8"?>
<!-- Generated by org.testng.reporters.JUnitReportReporter -->
<testsuite hostname="Vogos-MacBook-Pro.local" name="FleetTests.Attendance.Summary" tests="1" failures="0" timestamp="30 Sep 2019 07:59:58 GMT" time="1.532" errors="0">
  <testcase name="AttendanceSummary" time="1.532" classname="FleetTests.Attendance.Summary"/>
</testsuite>
