<?xml version="1.0" encoding="UTF-8"?>
<!-- Generated by org.testng.reporters.JUnitReportReporter -->
<testsuite hostname="Vogos-MacBook-Pro.local" name="FleetTests.AssetTrack.AssetTrackForId" tests="1" failures="0" timestamp="9 Oct 2019 08:43:35 GMT" time="1.515" errors="0">
  <testcase name="ATtrackingidmethod" time="1.515" classname="FleetTests.AssetTrack.AssetTrackForId"/>
</testsuite>
