<?xml version="1.0" encoding="UTF-8"?>
<!-- Generated by org.testng.reporters.JUnitReportReporter -->
<testsuite hostname="Vogos-MacBook-Pro.local" name="FleetTests.Accounts.VerifyLogin" tests="1" failures="0" timestamp="9 Oct 2019 08:43:30 GMT" time="4.178" errors="0">
  <testcase name="verify_login" time="4.178" classname="FleetTests.Accounts.VerifyLogin"/>
</testsuite>
