<?xml version="1.0" encoding="UTF-8"?>
<!-- Generated by org.testng.reporters.JUnitReportReporter -->
<testsuite hostname="Vogos-MacBook-Pro.local" name="FleetTests.Accounts.VerifyLogin" tests="2" failures="0" timestamp="8 Aug 2019 06:36:33 GMT" time="6.264" errors="0">
  <testcase name="verify_login" time="4.672" classname="FleetTests.Accounts.VerifyLogin"/>
  <testcase name="verify_login" time="1.592" classname="FleetTests.Accounts.VerifyLogin"/>
</testsuite>
