<?xml version="1.0" encoding="UTF-8"?>
<!-- Generated by org.testng.reporters.JUnitReportReporter -->
<testsuite hostname="Vogos-MacBook-Pro.local" name="FleetTests.Attendance.Roaster" tests="1" failures="0" timestamp="9 Oct 2019 08:43:00 GMT" time="1.847" errors="0">
  <testcase name="RoasterDetails" time="1.847" classname="FleetTests.Attendance.Roaster"/>
</testsuite>
