<?xml version="1.0" encoding="UTF-8"?>
<!-- Generated by org.testng.reporters.JUnitReportReporter -->
<testsuite hostname="Vogos-MacBook-Pro.local" name="FleetTests.Attendance.Summary" tests="2" failures="0" timestamp="9 Oct 2019 08:43:45 GMT" time="3.158" errors="0">
  <testcase name="AttendanceSummary_IncorrectToken" time="1.523" classname="FleetTests.Attendance.Summary"/>
  <testcase name="AttendanceSummary" time="1.635" classname="FleetTests.Attendance.Summary"/>
</testsuite>
