<?xml version="1.0" encoding="UTF-8"?>
<!-- Generated by org.testng.reporters.JUnitReportReporter -->
<testsuite hostname="Vogos-MacBook-Pro.local" name="FleetTests.Accounts.verifyProfile" tests="2" failures="0" timestamp="9 Oct 2019 08:44:00 GMT" time="3.814" errors="0">
  <testcase name="verifyProfile" time="2.269" classname="FleetTests.Accounts.verifyProfile"/>
  <testcase name="verifyProfile_IncorrectToken" time="1.545" classname="FleetTests.Accounts.verifyProfile"/>
</testsuite>
