<?xml version="1.0" encoding="UTF-8"?>
<!-- Generated by org.testng.reporters.JUnitReportReporter -->
<testsuite hostname="Vogos-MacBook-Pro.local" name="FleetTests.Accounts.verifyProfile" tests="1" failures="0" timestamp="8 Aug 2019 06:36:43 GMT" time="1.473" errors="0">
  <testcase name="verifyProfile" time="1.473" classname="FleetTests.Accounts.verifyProfile"/>
</testsuite>
